Environment at start of build:
ALLUSERSPROFILE = C:\ProgramData
APPDATA = C:\Users\kyleh\AppData\Roaming
CABAL_DIR = C:\cabal
ChocolateyInstall = C:\ProgramData\chocolatey
ChocolateyLastPathUpdate = 133815519809527218
CommonProgramFiles = C:\Program Files\Common Files
CommonProgramFiles(x86) = C:\Program Files (x86)\Common Files
CommonProgramW6432 = C:\Program Files\Common Files
COMPLUS_InstallRoot = 
COMPLUS_Version = 
COMPUTERNAME = DESKTOP-VEFR7V9
ComSpec = C:\WINDOWS\system32\cmd.exe
DriverData = C:\Windows\System32\Drivers\DriverData
EFC_6980 = 1
FPS_BROWSER_APP_PROFILE_STRING = Internet Explorer
FPS_BROWSER_USER_PROFILE_STRING = Default
GCExpConfigUsedInSession = 3
GHCUP_INSTALL_BASE_PREFIX = C:\
GHCUP_MSYS2_ENV = MINGW64
HOMEDRIVE = C:
HOMEPATH = \Users\kyleh
JAVA_HOME = C:\Program Files\Eclipse Adoptium\jdk-17.0.14.7-hotspot\
LOCALAPPDATA = C:\Users\kyleh\AppData\Local
LOGONSERVER = \\DESKTOP-VEFR7V9
MSBuildLoadMicrosoftTargetsReadOnly = true
NUMBER_OF_PROCESSORS = 4
OneDrive = C:\Users\kyleh\OneDrive
OneDriveConsumer = C:\Users\kyleh\OneDrive
OS = Windows_NT
path = C:\Program Files\Eclipse Adoptium\jdk-17.0.14.7-hotspot\bin;C:\WINDOWS\system32;C:\WINDOWS;C:\WINDOWS\System32\Wbem;C:\WINDOWS\System32\WindowsPowerShell\v1.0\;C:\Program Files\dotnet\;C:\ProgramData\chocolatey\bin;C:\Program Files\Microsoft SQL Server\150\Tools\Binn\;C:\Program Files\Microsoft SQL Server\Client SDK\ODBC\170\Tools\Binn\;C:\Program Files (x86)\Windows Kits\10\Windows Performance Toolkit\;C:\Program Files (x86)\Incredibuild;C:\Program Files\CMake\bin;C:\Program Files\nodejs\;C:\Program Files\Git\cmd;C:\Program Files\Docker\Docker\resources\bin;C:\Users\kyleh\AppData\Local\Programs\Python\Python313\Scripts\;C:\Users\kyleh\AppData\Local\Programs\Python\Python313\;C:\Users\kyleh\AppData\Local\Microsoft\WindowsApps;C:\Users\kyleh\AppData\Local\Muse Hub\lib;C:\Users\kyleh\AppData\Local\Programs\Microsoft VS Code\bin;C:\Users\kyleh\AppData\Roaming\npm;C:\Users\kyleh\.dotnet\tools;C:\ghcup\bin
PATHEXT = .COM;.EXE;.BAT;.CMD;.VBS;.VBE;.JS;.JSE;.WSF;.WSH;.MSC
PkgDefApplicationConfigFile = C:\Users\kyleh\AppData\Local\Microsoft\VisualStudio\17.0_9491b4f4\devenv.exe.config
PROCESSOR_ARCHITECTURE = AMD64
PROCESSOR_IDENTIFIER = AMD64 Family 23 Model 24 Stepping 1, AuthenticAMD
PROCESSOR_LEVEL = 23
PROCESSOR_REVISION = 1801
ProgramData = C:\ProgramData
ProgramFiles = C:\Program Files
ProgramFiles(x86) = C:\Program Files (x86)
ProgramW6432 = C:\Program Files
PSModulePath = C:\Program Files\WindowsPowerShell\Modules;C:\WINDOWS\system32\WindowsPowerShell\v1.0\Modules
PUBLIC = C:\Users\Public
ServiceHubLogSessionKey = E4BB698E
SESSIONNAME = Console
SignInWithHomeTenantOnly = False
SystemDrive = C:
SystemRoot = C:\WINDOWS
TEMP = C:\Users\kyleh\AppData\Local\Temp
ThreadedWaitDialogDpiContext = -4
TMP = C:\Users\kyleh\AppData\Local\Temp
USERDOMAIN = DESKTOP-VEFR7V9
USERDOMAIN_ROAMINGPROFILE = DESKTOP-VEFR7V9
USERNAME = kyleh
USERPROFILE = C:\Users\kyleh
VBOX_MSI_INSTALL_PATH = C:\Program Files\Oracle\VirtualBox\
VisualStudioDir = C:\Users\kyleh\Documents\Visual Studio 2022
VisualStudioEdition = Microsoft Visual Studio Community 2022
VisualStudioVersion = 17.0
VS140COMNTOOLS = C:\Program Files (x86)\Microsoft Visual Studio 14.0\Common7\Tools\
VSAPPIDDIR = C:\Program Files\Microsoft Visual Studio\2022\Community\Common7\IDE\
VSAPPIDNAME = devenv.exe
VSLANG = 1033
VsPerMonitorDpiAwarenessEnabled.13628 = TRUE
VSSKUEDITION = Community
VS_Perf_Session_GCHeapCount = 2
WEBVIEW2_DEFAULT_BACKGROUND_COLOR = ffffff
windir = C:\WINDOWS
WindowsSDKVersion = 10.0.26100.0

  LINK : C:\Users\kyleh\source\repos\GradeSwitchIf\x64\Debug\GradeSwitchIf.exe not found or not built by the last incremental link; performing full link
  GradeSwitchIf.vcxproj -> C:\Users\kyleh\source\repos\GradeSwitchIf\x64\Debug\GradeSwitchIf.exe

Project Performance Summary:
      815 ms  C:\Users\kyleh\source\repos\GradeSwitchIf\GradeSwitchIf.vcxproj   1 calls
                815 ms  Build                                      1 calls

Target Performance Summary:
        0 ms  AfterBuildCompileEvent                     1 calls
        0 ms  _Link                                      1 calls
        0 ms  DoLinkOutputFilesMatch                     1 calls
        0 ms  PrepareResourceNames                       1 calls
        0 ms  CreateCustomManifestResourceNames          1 calls
        0 ms  ComputeManifestInputsTargets               1 calls
        0 ms  ComputeLinkInputsFromProject               1 calls
        0 ms  ComputeCLOutputs                           1 calls
        0 ms  ComputeManifestGeneratedLinkerInputs       1 calls
        0 ms  ComputeRCGeneratedLinkInputs               1 calls
        0 ms  _ALink                                     1 calls
        0 ms  ComputeRCOutputs                           1 calls
        0 ms  BuildLinkTraverse                          1 calls
        0 ms  BuildCompile                               1 calls
        0 ms  _BuildCompileAction                        1 calls
        0 ms  _ResourceCompile                           1 calls
        0 ms  AfterResourceCompile                       1 calls
        0 ms  BeforeResourceCompile                      1 calls
        0 ms  _ClCompile                                 1 calls
        0 ms  AfterClCompile                             1 calls
        0 ms  SelectClCompile                            1 calls
        0 ms  BeforeLink                                 1 calls
        0 ms  _Manifest                                  1 calls
        0 ms  RegisterOutput                             1 calls
        0 ms  ResolvedXDCMake                            1 calls
        0 ms  AfterBuild                                 1 calls
        0 ms  BuildLink                                  1 calls
        0 ms  _BuildLinkAction                           1 calls
        0 ms  PostBuildEvent                             1 calls
        0 ms  PrepareForRun                              1 calls
        0 ms  _CheckForCompileOutputs                    1 calls
        0 ms  _CopySourceItemsToOutputDirectory          1 calls
        0 ms  _GetCopyToOutputDirectoryItemsFromThisProject   1 calls
        0 ms  GetCopyToOutputDirectoryXamlAppDefs        1 calls
        0 ms  _PopulateCommonStateForGetCopyToOutputDirectoryItems   1 calls
        0 ms  _Deploy                                    1 calls
        0 ms  _Appverifier                               1 calls
        0 ms  CreateSatelliteAssemblies                  1 calls
        0 ms  MakeDirsForFxc                             1 calls
        0 ms  SatelliteDllsProjectOutputGroup            1 calls
        0 ms  _BscMake                                   1 calls
        0 ms  MakeDirsForBscMake                         1 calls
        0 ms  ComputeCLCompileGeneratedSbrFiles          1 calls
        0 ms  _XdcMake                                   1 calls
        0 ms  MakeDirsForXdcMake                         1 calls
        0 ms  ComputeCLCompileGeneratedXDCFiles          1 calls
        0 ms  ComputeStdModulesCompileInputs             1 calls
        0 ms  WarnCompileDuplicatedFilename              1 calls
        0 ms  Build                                      1 calls
        0 ms  GetReferencedVCProjectsInfo                1 calls
        0 ms  _SplitProjectReferencesByFileExistence     1 calls
        0 ms  _PrepareForBuild                           1 calls
        0 ms  BuildGenerateSourcesTraverse               1 calls
        0 ms  ComputeReferenceCLInput                    1 calls
        0 ms  ResolveReferences                          1 calls
        0 ms  AfterResolveReferences                     1 calls
        0 ms  ExpandSDKReferences                        1 calls
        0 ms  ResolveSDKReferences                       1 calls
        0 ms  _PrepareForReferenceResolution             1 calls
        0 ms  SetCABuildNativeEnvironmentVariables       1 calls
        0 ms  GetResolvedWinMD                           1 calls
        0 ms  AddExternalIncludDirectoriesToPaths        1 calls
        0 ms  BeforeResolveReferences                    1 calls
        0 ms  GetFrameworkPaths                          1 calls
        0 ms  ResolveProjectReferences                   1 calls
        0 ms  IgnoreJavaScriptOutputAssembly             1 calls
        0 ms  PrepareProjectReferences                   1 calls
        0 ms  _SelectedFiles                             1 calls
        0 ms  SelectCustomBuild                          1 calls
        0 ms  BeforeBuildGenerateSources                 1 calls
        0 ms  AfterBuildGenerateSourcesEvent             1 calls
        0 ms  FindReferenceAssembliesForReferences       1 calls
        0 ms  ComputeCLInputPDBName                      1 calls
        0 ms  BeforeClCompile                            1 calls
        0 ms  BuildCompileTraverse                       1 calls
        0 ms  BuildGenerateSources                       1 calls
        0 ms  _BuildGenerateSourcesAction                1 calls
        0 ms  AfterBuildGenerateSources                  1 calls
        0 ms  _Midl                                      1 calls
        0 ms  AfterMidl                                  1 calls
        0 ms  _AddOutputPathToGlobalPropertiesToRemove   1 calls
        0 ms  ComputeMIDLGeneratedCompileInputs          1 calls
        0 ms  MakeDirsForMidl                            1 calls
        0 ms  _Xsd                                       1 calls
        1 ms  ResolveAssemblyReferences                  1 calls
        1 ms  ComputeCustomBuildOutput                   1 calls
        1 ms  ComputeLinkSwitches                        1 calls
        1 ms  PreLinkEvent                               1 calls
        1 ms  PreBuildEvent                              1 calls
        1 ms  _CheckWindowsSDKInstalled                  1 calls
        1 ms  ComputeLegacyManifestEmbedding             1 calls
        1 ms  GetReferenceAssemblyPaths                  1 calls
        1 ms  CopyFilesToOutputDirectory                 1 calls
        1 ms  AssignProjectConfiguration                 1 calls
        1 ms  ComputeCLGeneratedLinkInputs               1 calls
        1 ms  BuiltProjectOutputGroup                    1 calls
        1 ms  ContentFilesProjectOutputGroup             1 calls
        1 ms  MakeDirsForResourceCompile                 1 calls
        1 ms  _GenerateSatelliteAssemblyInputs           1 calls
        1 ms  MakeDirsForCl                              1 calls
        2 ms  FixupCLCompileOptions                      1 calls
        2 ms  AfterLink                                  1 calls
        2 ms  SetTelemetryEnvironmentVariables           1 calls
        2 ms  IncrementalClean                           1 calls
        2 ms  SetBuildDefaultEnvironmentVariables        1 calls
        2 ms  MakeDirsForLink                            1 calls
        3 ms  CustomBuild                                1 calls
        3 ms  AssignTargetPaths                          1 calls
        4 ms  _CleanGetCurrentAndPriorFileWrites         1 calls
        4 ms  TlogCleanup                                1 calls
        4 ms  _CheckForInvalidConfigurationAndPlatform   1 calls
        4 ms  CopyFileToFolders                          1 calls
        4 ms  _CalculatePostXamarinTelemetry             1 calls
        6 ms  FinalizeBuildStatus                        1 calls
        6 ms  _GetCopyToOutputDirectoryItemsFromTransitiveProjectReferences   1 calls
        9 ms  _GetProjectReferenceTargetFrameworkProperties   1 calls
        9 ms  SplitResourcesByCulture                    1 calls
       10 ms  GetCopyToOutputDirectoryItems              1 calls
       11 ms  CreateRecipeFile                           1 calls
       16 ms  PrepareForBuild                            1 calls
       18 ms  InitializeBuildStatus                      1 calls
       29 ms  ClCompile                                  1 calls
      651 ms  Link                                       1 calls

Task Performance Summary:
        0 ms  RemoveDuplicates                           2 calls
        0 ms  AssignProjectConfiguration                 1 calls
        0 ms  MSBuild                                    1 calls
        0 ms  SetRidAgnosticValueForProjects             1 calls
        0 ms  VCMessage                                  1 calls
        0 ms  ConvertToAbsolutePath                      1 calls
        0 ms  AssignCulture                              1 calls
        1 ms  FindUnderPath                              5 calls
        1 ms  CheckVCToolsetVersion                      1 calls
        1 ms  AssignTargetPath                           7 calls
        2 ms  Delete                                     2 calls
        3 ms  GetOutOfDateItems                          3 calls
        3 ms  ReadLinesFromFile                          2 calls
        3 ms  MakeDir                                   10 calls
        4 ms  CleanupStaleTlogItems                      1 calls
        4 ms  SetEnv                                    11 calls
        5 ms  Message                                   23 calls
        5 ms  GenerateDesktopDeployRecipe                1 calls
        6 ms  Touch                                      2 calls
        7 ms  CallTarget                                 2 calls
       11 ms  WriteLinesToFile                           1 calls
       24 ms  CL                                         1 calls
      645 ms  Link                                       1 calls
